\BOOKMARK [1][-]{section.1}{Abstract}{}% 1
\BOOKMARK [1][-]{section.2}{Introduction}{}% 2
\BOOKMARK [2][-]{subsection.2.1}{Recurrent neural networks}{section.2}% 3
\BOOKMARK [2][-]{subsection.2.2}{Long Short Term Memory Networks}{section.2}% 4
\BOOKMARK [2][-]{subsection.2.3}{Gated recurrent unit}{section.2}% 5
\BOOKMARK [1][-]{section.3}{Methods}{}% 6
\BOOKMARK [2][-]{subsection.3.1}{Requirements}{section.3}% 7
\BOOKMARK [2][-]{subsection.3.2}{Data Preprocessing}{section.3}% 8
\BOOKMARK [2][-]{subsection.3.3}{Network Architecture}{section.3}% 9
\BOOKMARK [2][-]{subsection.3.4}{Parameters}{section.3}% 10
\BOOKMARK [2][-]{subsection.3.5}{Visualization}{section.3}% 11
\BOOKMARK [1][-]{section.4}{Results}{}% 12
\BOOKMARK [2][-]{subsection.4.1}{Training and testing performance}{section.4}% 13
\BOOKMARK [2][-]{subsection.4.2}{Determination of the optimal hidden size}{section.4}% 14
\BOOKMARK [2][-]{subsection.4.3}{Prediction performance}{section.4}% 15
\BOOKMARK [3][-]{subsubsection.4.3.1}{Prediction of the next character}{subsection.4.3}% 16
\BOOKMARK [3][-]{subsubsection.4.3.2}{Prediction of the word ending}{subsection.4.3}% 17
\BOOKMARK [2][-]{subsection.4.4}{Text generation}{section.4}% 18
\BOOKMARK [2][-]{subsection.4.5}{Interactive prediction}{section.4}% 19
\BOOKMARK [1][-]{section.5}{Discussion}{}% 20
\BOOKMARK [1][-]{section.6}{Appendix}{}% 21
\BOOKMARK [1][-]{section.7}{Literature}{}% 22
